# JRE version: OpenJDK Runtime Environment Microsoft-11933218 (21.0.8+9) (build 21.0.8+9-LTS)
# Java VM: OpenJDK 64-Bit Server VM Microsoft-11933218 (21.0.8+9-LTS, mixed mode, sharing, tiered, compressed oops, compressed class ptrs, g1 gc, windows-amd64)
GC Precious Log:
 CardTable entry size: 512
 Card Set container configuration: InlinePtr #cards 4 size 8 Array Of Cards #cards 32 size 80 Howl #buckets 8 coarsen threshold 7372 Howl Bitmap #cards 1024 size 144 coarsen threshold 921 Card regions per heap region 1 cards per card region 8192
 CPUs: 24 total, 24 available
 Memory: 32397M
 Large Page Support: Disabled
 NUMA Support: Disabled
 Compressed Oops: Enabled (Zero based)
 Heap Region Size: 4M
 Heap Min Capacity: 8M
 Heap Initial Capacity: 508M
 Heap Max Capacity: 8100M
 Pre-touch: Disabled
 Parallel Workers: 18
 Concurrent Workers: 5
 Concurrent Refinement Workers: 18
 Periodic GC: Disabled
Heap:
 garbage-first heap   total 81920K, used 31307K [0x0000000605c00000, 0x0000000800000000)
  region size 4096K, 4 young (16384K), 0 survivors (0K)
 Metaspace       used 26869K, committed 27072K, reserved 1114112K
  class space    used 2567K, committed 2688K, reserved 1048576K
GC Heap History (20 events):
Event: 576.226 GC heap before
{Heap before GC invocations=30 (full 1):
 garbage-first heap   total 81920K, used 64576K [0x0000000605c00000, 0x0000000800000000)
  region size 4096K, 12 young (49152K), 1 survivors (4096K)
 Metaspace       used 26825K, committed 27008K, reserved 1114112K
  class space    used 2561K, committed 2624K, reserved 1048576K
}
Event: 576.230 GC heap after
{Heap after GC invocations=31 (full 1):
 garbage-first heap   total 81920K, used 19596K [0x0000000605c00000, 0x0000000800000000)
  region size 4096K, 1 young (4096K), 1 survivors (4096K)
 Metaspace       used 26825K, committed 27008K, reserved 1114112K
  class space    used 2561K, committed 2624K, reserved 1048576K
}
Event: 608.224 GC heap before
{Heap before GC invocations=31 (full 1):
 garbage-first heap   total 81920K, used 64652K [0x0000000605c00000, 0x0000000800000000)
  region size 4096K, 12 young (49152K), 1 survivors (4096K)
 Metaspace       used 26825K, committed 27008K, reserved 1114112K
  class space    used 2561K, committed 2624K, reserved 1048576K
}
Event: 608.227 GC heap after
{Heap after GC invocations=32 (full 1):
 garbage-first heap   total 81920K, used 19594K [0x0000000605c00000, 0x0000000800000000)
  region size 4096K, 1 young (4096K), 1 survivors (4096K)
 Metaspace       used 26825K, committed 27008K, reserved 1114112K
  class space    used 2561K, committed 2624K, reserved 1048576K
}
Event: 639.890 GC heap before
{Heap before GC invocations=32 (full 1):
 garbage-first heap   total 81920K, used 64650K [0x0000000605c00000, 0x0000000800000000)
  region size 4096K, 12 young (49152K), 1 survivors (4096K)
 Metaspace       used 26825K, committed 27008K, reserved 1114112K
  class space    used 2561K, committed 2624K, reserved 1048576K
}
Event: 639.893 GC heap after
{Heap after GC invocations=33 (full 1):
 garbage-first heap   total 81920K, used 19653K [0x0000000605c00000, 0x0000000800000000)
  region size 4096K, 1 young (4096K), 1 survivors (4096K)
 Metaspace       used 26825K, committed 27008K, reserved 1114112K
  class space    used 2561K, committed 2624K, reserved 1048576K
}
Event: 671.653 GC heap before
{Heap before GC invocations=33 (full 1):
 garbage-first heap   total 81920K, used 64709K [0x0000000605c00000, 0x0000000800000000)
  region size 4096K, 12 young (49152K), 1 survivors (4096K)
 Metaspace       used 26825K, committed 27008K, reserved 1114112K
  class space    used 2561K, committed 2624K, reserved 1048576K
}
Event: 671.656 GC heap after
{Heap after GC invocations=34 (full 1):
 garbage-first heap   total 81920K, used 19696K [0x0000000605c00000, 0x0000000800000000)
  region size 4096K, 1 young (4096K), 1 survivors (4096K)
 Metaspace       used 26825K, committed 27008K, reserved 1114112K
  class space    used 2561K, committed 2624K, reserved 1048576K
}
Event: 702.741 GC heap before
{Heap before GC invocations=34 (full 1):
 garbage-first heap   total 81920K, used 64752K [0x0000000605c00000, 0x0000000800000000)
  region size 4096K, 12 young (49152K), 1 survivors (4096K)
 Metaspace       used 26825K, committed 27008K, reserved 1114112K
  class space    used 2561K, committed 2624K, reserved 1048576K
}
Event: 702.745 GC heap after
{Heap after GC invocations=35 (full 1):
 garbage-first heap   total 81920K, used 19751K [0x0000000605c00000, 0x0000000800000000)
  region size 4096K, 1 young (4096K), 1 survivors (4096K)
 Metaspace       used 26825K, committed 27008K, reserved 1114112K
  class space    used 2561K, committed 2624K, reserved 1048576K
}
Event: 733.291 GC heap before
{Heap before GC invocations=35 (full 1):
 garbage-first heap   total 81920K, used 64807K [0x0000000605c00000, 0x0000000800000000)
  region size 4096K, 12 young (49152K), 1 survivors (4096K)
 Metaspace       used 26825K, committed 27008K, reserved 1114112K
  class space    used 2561K, committed 2624K, reserved 1048576K
}
Event: 733.295 GC heap after
{Heap after GC invocations=36 (full 1):
 garbage-first heap   total 81920K, used 19952K [0x0000000605c00000, 0x0000000800000000)
  region size 4096K, 1 young (4096K), 1 survivors (4096K)
 Metaspace       used 26825K, committed 27008K, reserved 1114112K
  class space    used 2561K, committed 2624K, reserved 1048576K
}
Event: 762.285 GC heap before
{Heap before GC invocations=36 (full 1):
 garbage-first heap   total 81920K, used 65008K [0x0000000605c00000, 0x0000000800000000)
  region size 4096K, 12 young (49152K), 1 survivors (4096K)
 Metaspace       used 26825K, committed 27008K, reserved 1114112K
  class space    used 2561K, committed 2624K, reserved 1048576K
}
Event: 762.289 GC heap after
{Heap after GC invocations=37 (full 1):
 garbage-first heap   total 81920K, used 19875K [0x0000000605c00000, 0x0000000800000000)
  region size 4096K, 1 young (4096K), 1 survivors (4096K)
 Metaspace       used 26825K, committed 27008K, reserved 1114112K
  class space    used 2561K, committed 2624K, reserved 1048576K
}
Event: 790.071 GC heap before
{Heap before GC invocations=37 (full 1):
 garbage-first heap   total 81920K, used 64931K [0x0000000605c00000, 0x0000000800000000)
  region size 4096K, 12 young (49152K), 1 survivors (4096K)
 Metaspace       used 26825K, committed 27008K, reserved 1114112K
  class space    used 2561K, committed 2624K, reserved 1048576K
}
Event: 790.075 GC heap after
{Heap after GC invocations=38 (full 1):
 garbage-first heap   total 81920K, used 19909K [0x0000000605c00000, 0x0000000800000000)
  region size 4096K, 1 young (4096K), 1 survivors (4096K)
 Metaspace       used 26825K, committed 27008K, reserved 1114112K
  class space    used 2561K, committed 2624K, reserved 1048576K
}
Event: 818.277 GC heap before
{Heap before GC invocations=38 (full 1):
 garbage-first heap   total 81920K, used 64965K [0x0000000605c00000, 0x0000000800000000)
  region size 4096K, 12 young (49152K), 1 survivors (4096K)
 Metaspace       used 26825K, committed 27008K, reserved 1114112K
  class space    used 2561K, committed 2624K, reserved 1048576K
}
Event: 818.281 GC heap after
{Heap after GC invocations=39 (full 1):
 garbage-first heap   total 81920K, used 19980K [0x0000000605c00000, 0x0000000800000000)
  region size 4096K, 1 young (4096K), 1 survivors (4096K)
 Metaspace       used 26825K, committed 27008K, reserved 1114112K
  class space    used 2561K, committed 2624K, reserved 1048576K
}
Event: 840.773 GC heap before
{Heap before GC invocations=39 (full 1):
 garbage-first heap   total 81920K, used 52748K [0x0000000605c00000, 0x0000000800000000)
  region size 4096K, 10 young (40960K), 1 survivors (4096K)
 Metaspace       used 26825K, committed 27008K, reserved 1114112K
  class space    used 2561K, committed 2624K, reserved 1048576K
}
Event: 840.836 GC heap after
{Heap after GC invocations=40 (full 2):
 garbage-first heap   total 81920K, used 19019K [0x0000000605c00000, 0x0000000800000000)
  region size 4096K, 0 young (0K), 0 survivors (0K)
 Metaspace       used 26825K, committed 27008K, reserved 1114112K
  class space    used 2561K, committed 2624K, reserved 1048576K
}

